2021-08-21 22:33:42:3342 [34mhttp[39m: [34mGET / 304 - - 6.808 ms[39m
[34m[39m
2021-08-21 22:33:48:3348 [34mhttp[39m: [34mGET / 304 - - 1.262 ms[39m
[34m[39m
2021-08-21 22:47:16:4716 [34mhttp[39m: [34mGET / 304 - - 5.015 ms[39m
[34m[39m
2021-08-21 22:47:34:4734 [34mhttp[39m: [34mGET / 304 - - 4.176 ms[39m
[34m[39m
<<<<<<< HEAD
2021-08-21 23:31:03:313 [34mhttp[39m: [34mGET / 304 - - 3.547 ms[39m
=======
2021-08-22 17:26:36:2636 [34mhttp[39m: [34mGET / 304 - - 7.665 ms[39m
[34m[39m
2021-08-22 17:27:01:271 [34mhttp[39m: [34mGET /user 400 79 - 14.437 ms[39m
[34m[39m
2021-08-22 17:27:17:2717 [34mhttp[39m: [34mGET /price-maskapai 400 54 - 3.294 ms[39m
[34m[39m
2021-08-22 17:28:11:2811 [34mhttp[39m: [34mGET /admin/destination/all 200 45 - 16.920 ms[39m
>>>>>>> a4639ff33fafa895ab2fe814ba345cc7aa0f45a3
[34m[39m
